Arguments: 
  /usr/bin/node /usr/local/bin/yarn set version latest

PATH: 
  /usr/local/sbin:/usr/local/bin:/usr/sbin:/usr/bin:/sbin:/bin:/usr/games:/usr/local/games:/snap/bin

Yarn version: 
  1.22.4

Node version: 
  8.10.0

Platform: 
  linux x64

Trace: 
  Error: ENOTDIR: not a directory, mkdir '/var/www/html/multi/laravel/resources/views/themes/jigsawsite/.yarn/releases'

npm manifest: 
  {
    "private": true,
    "scripts": {
      "local": "cross-env NODE_ENV=development node_modules/webpack/bin/webpack.js --progress --hide-modules --env=local --config=node_modules/laravel-mix/setup/webpack.config.js",
      "staging": "cross-env NODE_ENV=staging node_modules/webpack/bin/webpack.js --progress --hide-modules --env=staging --config=node_modules/laravel-mix/setup/webpack.config.js",
      "production": "cross-env NODE_ENV=production node_modules/webpack/bin/webpack.js --progress --hide-modules --env=production --config=node_modules/laravel-mix/setup/webpack.config.js",
      "dev": "npm run local",
      "watch": "npm run local -- --watch"
    },
    "devDependencies": {
      "axios": "^0.18.0",
      "browser-sync": "^2.26.3",
      "browser-sync-webpack-plugin": "^2.0.1",
      "cross-env": "^3.2.3",
      "extra-watch-webpack-plugin": "^1.0.3",
      "hasbin": "^1.2.3",
      "laravel-mix": "^4.0.15",
      "laravel-mix-purgecss": "^4.1.0",
      "less": "^3.9.0",
      "less-loader": "^4.1.0",
      "node-cmd": "^3.0.0",
      "resolve-url-loader": "^3.1.0",
      "sass": "^1.15.2",
      "sass-loader": "^7.1.0",
      "tailwindcss": "^1.0.0",
      "vue": "^2.5.21",
      "vue-template-compiler": "^2.5.21",
      "webpack-watch": "^0.2.0",
      "yargs": "^4.6.0"
    },
    "dependencies": {
      "bootstrap": "^4.5.0",
      "jquery": "^3.5.1",
      "jqueryui": "^1.11.1",
      "laravel-mix-polyfill": "^2.0.0",
      "popper.js": "^1.16.1",
      "tailwind": "^4.0.0"
    }
  }

yarn manifest: 
  No manifest

Lockfile: 
  No lockfile
